

times in msec
 clock   self+sourced   self:  sourced script
 clock   elapsed:              other lines

000.020  000.020: --- NVIM STARTING ---
000.443  000.423: locale set
001.598  001.155: inits 1
001.653  000.055: window checked
001.663  000.010: parsing arguments
001.666  000.003: expanding arguments
002.120  000.455: inits 2
002.497  000.377: init highlight
004.411  001.145  001.145: sourcing /home/mason/.nvim/bundle/neobundle.vim/autoload/neobundle/util.vim
006.665  003.728  002.582: sourcing /home/mason/.nvim/bundle/neobundle.vim/autoload/neobundle.vim
007.456  000.480  000.480: sourcing /home/mason/.nvim/bundle/neobundle.vim/autoload/neobundle/init.vim
009.892  001.751  001.751: sourcing /home/mason/.nvim/bundle/neobundle.vim/autoload/neobundle/config.vim
011.080  000.655  000.655: sourcing /home/mason/.nvim/bundle/neobundle.vim/autoload/neobundle/autoload.vim
012.768  000.837  000.837: sourcing /home/mason/.nvim/bundle/neobundle.vim/autoload/neobundle/parser.vim
014.500  000.955  000.955: sourcing /home/mason/.nvim/bundle/neobundle.vim/autoload/neobundle/types/git.vim
085.359  000.076  000.076: sourcing /home/mason/.nvim/bundle/vim-orgmode/ftdetect/org.vim
085.576  000.093  000.093: sourcing /home/mason/.nvim/bundle/ultisnips/ftdetect/UltiSnips.vim
085.687  000.073  000.073: sourcing /home/mason/.nvim/bundle/ultisnips/ftdetect/snippets.vim
085.986  000.068  000.068: sourcing /home/mason/.nvim/bundle/neobundle.vim/ftdetect/vimrecipe.vim
086.191  033.715  033.407: sourcing /usr/share/nvim/runtime/filetype.vim
086.592  000.079  000.079: sourcing /usr/share/nvim/runtime/ftplugin.vim
087.009  000.074  000.074: sourcing /usr/share/nvim/runtime/indent.vim
088.488  001.038  001.038: sourcing /home/mason/.nvim/bundle/neobundle.vim/autoload/neobundle/commands.vim
089.986  000.845  000.845: sourcing /home/mason/.nvim/bundle/neobundle.vim/autoload/neobundle/installer.vim
091.230  000.915  000.915: sourcing /home/mason/.nvim/bundle/NeoBundle.lock
094.988  000.020  000.020: sourcing /usr/share/nvim/runtime/filetype.vim
095.307  000.015  000.015: sourcing /usr/share/nvim/runtime/ftplugin.vim
095.609  000.015  000.015: sourcing /usr/share/nvim/runtime/indent.vim
096.897  000.329  000.329: sourcing /usr/share/nvim/runtime/syntax/syncolor.vim
097.126  000.868  000.539: sourcing /usr/share/nvim/runtime/syntax/synload.vim
097.218  001.270  000.402: sourcing /usr/share/nvim/runtime/syntax/syntax.vim
098.029  000.287  000.287: sourcing /usr/share/nvim/runtime/syntax/syncolor.vim
098.834  000.272  000.272: sourcing /usr/share/nvim/runtime/syntax/syncolor.vim
099.592  000.264  000.264: sourcing /usr/share/nvim/runtime/syntax/syncolor.vim
100.284  000.286  000.286: sourcing /usr/share/nvim/runtime/syntax/syncolor.vim
100.664  003.390  002.281: sourcing /home/mason/.nvim/colors/muble.vim
101.422  000.017  000.017: sourcing /usr/share/nvim/runtime/filetype.vim
101.732  000.015  000.015: sourcing /usr/share/nvim/runtime/ftplugin.vim
102.017  000.013  000.013: sourcing /usr/share/nvim/runtime/indent.vim
102.484  099.811  049.982: sourcing ~/.nvimrc
102.496  000.188: sourcing vimrc file(s)
103.374  000.158  000.158: sourcing /home/mason/.nvim/bundle/vim-gitgutter/autoload/gitgutter/highlight.vim
104.462  001.826  001.669: sourcing /home/mason/.nvim/bundle/vim-gitgutter/plugin/gitgutter.vim
104.876  000.021  000.021: sourcing /home/mason/.nvim/bundle/syntastic/plugin/syntastic/autoloclist.vim
104.927  000.016  000.016: sourcing /home/mason/.nvim/bundle/syntastic/plugin/syntastic/balloons.vim
104.986  000.016  000.016: sourcing /home/mason/.nvim/bundle/syntastic/plugin/syntastic/checker.vim
105.031  000.015  000.015: sourcing /home/mason/.nvim/bundle/syntastic/plugin/syntastic/cursor.vim
105.076  000.016  000.016: sourcing /home/mason/.nvim/bundle/syntastic/plugin/syntastic/highlighting.vim
105.119  000.014  000.014: sourcing /home/mason/.nvim/bundle/syntastic/plugin/syntastic/loclist.vim
105.161  000.014  000.014: sourcing /home/mason/.nvim/bundle/syntastic/plugin/syntastic/modemap.vim
105.203  000.014  000.014: sourcing /home/mason/.nvim/bundle/syntastic/plugin/syntastic/notifiers.vim
105.276  000.016  000.016: sourcing /home/mason/.nvim/bundle/syntastic/plugin/syntastic/registry.vim
105.320  000.014  000.014: sourcing /home/mason/.nvim/bundle/syntastic/plugin/syntastic/signs.vim
106.063  000.521  000.521: sourcing /home/mason/.nvim/bundle/syntastic/autoload/syntastic/util.vim
116.192  000.076  000.076: sourcing /home/mason/.nvim/bundle/syntastic/plugin/syntastic/autoloclist.vim
116.328  000.088  000.088: sourcing /home/mason/.nvim/bundle/syntastic/plugin/syntastic/balloons.vim
116.627  000.264  000.264: sourcing /home/mason/.nvim/bundle/syntastic/plugin/syntastic/checker.vim
116.813  000.152  000.152: sourcing /home/mason/.nvim/bundle/syntastic/plugin/syntastic/cursor.vim
116.979  000.132  000.132: sourcing /home/mason/.nvim/bundle/syntastic/plugin/syntastic/highlighting.vim
117.484  000.469  000.469: sourcing /home/mason/.nvim/bundle/syntastic/plugin/syntastic/loclist.vim
117.658  000.138  000.138: sourcing /home/mason/.nvim/bundle/syntastic/plugin/syntastic/modemap.vim
117.762  000.079  000.079: sourcing /home/mason/.nvim/bundle/syntastic/plugin/syntastic/notifiers.vim
118.251  000.454  000.454: sourcing /home/mason/.nvim/bundle/syntastic/plugin/syntastic/registry.vim
118.495  000.155  000.155: sourcing /home/mason/.nvim/bundle/syntastic/plugin/syntastic/signs.vim
120.129  014.780  012.253: sourcing /home/mason/.nvim/bundle/syntastic/plugin/syntastic.vim
121.605  001.347  001.347: sourcing /home/mason/.nvim/bundle/tagbar/plugin/tagbar.vim
121.799  000.061  000.061: sourcing /home/mason/.nvim/bundle/Gundo/plugin/gundo.vim
122.450  000.313  000.313: sourcing /home/mason/.nvim/bundle/ctrlp.vim/autoload/ctrlp/mrufiles.vim
122.682  000.785  000.472: sourcing /home/mason/.nvim/bundle/ctrlp.vim/plugin/ctrlp.vim
123.976  000.444  000.444: sourcing /home/mason/.nvim/bundle/nerdtree/autoload/nerdtree.vim
125.889  000.679  000.679: sourcing /home/mason/.nvim/bundle/nerdtree/lib/nerdtree/path.vim
126.180  000.176  000.176: sourcing /home/mason/.nvim/bundle/nerdtree/lib/nerdtree/menu_controller.vim
126.400  000.120  000.120: sourcing /home/mason/.nvim/bundle/nerdtree/lib/nerdtree/menu_item.vim
126.647  000.151  000.151: sourcing /home/mason/.nvim/bundle/nerdtree/lib/nerdtree/key_map.vim
127.048  000.305  000.305: sourcing /home/mason/.nvim/bundle/nerdtree/lib/nerdtree/bookmark.vim
127.523  000.373  000.373: sourcing /home/mason/.nvim/bundle/nerdtree/lib/nerdtree/tree_file_node.vim
128.191  000.563  000.563: sourcing /home/mason/.nvim/bundle/nerdtree/lib/nerdtree/tree_dir_node.vim
128.627  000.316  000.316: sourcing /home/mason/.nvim/bundle/nerdtree/lib/nerdtree/opener.vim
129.048  000.323  000.323: sourcing /home/mason/.nvim/bundle/nerdtree/lib/nerdtree/creator.vim
129.206  000.066  000.066: sourcing /home/mason/.nvim/bundle/nerdtree/lib/nerdtree/flag_set.vim
129.348  000.052  000.052: sourcing /home/mason/.nvim/bundle/nerdtree/lib/nerdtree/nerdtree.vim
129.724  000.291  000.291: sourcing /home/mason/.nvim/bundle/nerdtree/lib/nerdtree/ui.vim
129.840  000.027  000.027: sourcing /home/mason/.nvim/bundle/nerdtree/lib/nerdtree/event.vim
130.075  000.147  000.147: sourcing /home/mason/.nvim/bundle/nerdtree/lib/nerdtree/notifier.vim
131.757  001.581  001.581: sourcing /home/mason/.nvim/bundle/nerdtree/autoload/nerdtree/ui_glue.vim
153.441  000.197  000.197: sourcing /home/mason/.nvim/bundle/nerdtree/nerdtree_plugin/exec_menuitem.vim
154.235  000.758  000.758: sourcing /home/mason/.nvim/bundle/nerdtree/nerdtree_plugin/fs_menu.vim
154.735  031.948  025.380: sourcing /home/mason/.nvim/bundle/nerdtree/plugin/NERD_tree.vim
155.303  000.474  000.474: sourcing /home/mason/.nvim/bundle/vim-multiple-cursors/plugin/multiple_cursors.vim
155.673  000.251  000.251: sourcing /home/mason/.nvim/bundle/vim-HiLinkTrace/plugin/hilinks.vim
156.212  000.159  000.159: sourcing /home/mason/.nvim/bundle/semantic-highlight.vim/autoload/blacklist.vim
156.644  000.878  000.719: sourcing /home/mason/.nvim/bundle/semantic-highlight.vim/plugin/semhl.vim
163.611  006.857  006.857: sourcing /home/mason/.nvim/bundle/nerdcommenter/plugin/NERD_commenter.vim
164.361  000.620  000.620: sourcing /home/mason/.nvim/bundle/vim-eunuch/plugin/eunuch.vim
164.852  000.367  000.367: sourcing /home/mason/.nvim/bundle/FSwitch/plugin/fswitch.vim
165.329  000.386  000.386: sourcing /home/mason/.nvim/bundle/vim-noscrollbar/plugin/noscrollbar.vim
165.600  000.016  000.016: sourcing /home/mason/.nvim/bundle/vim-misc/autoload/xolox/misc.vim
167.743  000.235  000.235: sourcing /home/mason/.nvim/bundle/vim-misc/autoload/xolox/misc/os.vim
168.039  000.686  000.451: sourcing /home/mason/.nvim/bundle/vim-misc/autoload/xolox/misc/path.vim
168.826  003.066  002.380: sourcing /home/mason/.nvim/bundle/vim-notes/autoload/xolox/notes.vim
170.799  005.384  002.302: sourcing /home/mason/.nvim/bundle/vim-notes/plugin/notes.vim
170.987  000.052  000.052: sourcing /home/mason/.nvim/bundle/vim-misc/plugin/xolox/misc.vim
171.466  000.184  000.184: sourcing /home/mason/.nvim/bundle/vim-airline/autoload/airline.vim
171.800  000.083  000.083: sourcing /home/mason/.nvim/bundle/vim-airline/autoload/airline/init.vim
172.410  000.103  000.103: sourcing /home/mason/.nvim/bundle/vim-airline/autoload/airline/parts.vim
173.066  001.995  001.624: sourcing /home/mason/.nvim/bundle/vim-airline/plugin/airline.vim
173.338  000.173  000.173: sourcing /home/mason/.nvim/bundle/vim-syntax-extra/plugin/vim-syntax-extra.vim
174.018  000.067  000.067: sourcing /usr/share/nvim/runtime/autoload/provider/pythonx.vim
202.141  000.316  000.316: sourcing /usr/share/nvim/runtime/autoload/remote/host.vim
202.294  028.575  028.192: sourcing /usr/share/nvim/runtime/autoload/provider/python.vim
202.851  029.420  000.845: sourcing /home/mason/.nvim/bundle/YouCompleteMe/plugin/youcompleteme.vim
203.691  000.124  000.124: sourcing /home/mason/.nvim/bundle/ultisnips/autoload/UltiSnips/bootstrap.vim
250.298  046.334  046.334: sourcing /usr/share/nvim/runtime/autoload/provider/python3.vim
363.206  159.832  113.374: sourcing /home/mason/.nvim/bundle/ultisnips/autoload/UltiSnips/map_keys.vim
363.362  160.372  000.541: sourcing /home/mason/.nvim/bundle/ultisnips/plugin/UltiSnips.vim
363.480  000.074  000.074: sourcing /home/mason/.nvim/bundle/ultisnips/plugin/snipMate_compatibility.vim
458.343  094.759  094.759: sourcing /home/mason/.nvim/bundle/vim-latex-live-preview/plugin/latexlivepreview.vim
458.566  000.085  000.085: sourcing /home/mason/.nvim/bundle/nyancat-vim/plugin/nyancat.vim
458.695  000.043  000.043: sourcing /home/mason/.nvim/bundle/Nibble/plugin/nibble.vim
459.668  000.449  000.449: sourcing /home/mason/.nvim/bundle/unite.vim/autoload/unite/custom.vim
459.828  000.947  000.498: sourcing /home/mason/.nvim/bundle/unite.vim/plugin/unite/bookmark.vim
460.125  000.265  000.265: sourcing /home/mason/.nvim/bundle/unite.vim/plugin/unite/buffer.vim
460.236  000.079  000.079: sourcing /home/mason/.nvim/bundle/unite.vim/plugin/unite/history_yank.vim
460.387  000.123  000.123: sourcing /home/mason/.nvim/bundle/unite.vim/plugin/unite/window.vim
460.801  000.385  000.385: sourcing /home/mason/.nvim/bundle/unite.vim/plugin/unite.vim
461.468  000.570  000.570: sourcing /home/mason/.nvim/bundle/vimfiler.vim/plugin/vimfiler.vim
461.906  000.091  000.091: sourcing /usr/share/nvim/runtime/plugin/getscriptPlugin.vim
462.286  000.349  000.349: sourcing /usr/share/nvim/runtime/plugin/gzip.vim
462.622  000.307  000.307: sourcing /usr/share/nvim/runtime/plugin/matchparen.vim
463.352  000.696  000.696: sourcing /usr/share/nvim/runtime/plugin/netrwPlugin.vim
463.448  000.044  000.044: sourcing /usr/share/nvim/runtime/plugin/rplugin.vim
463.499  000.018  000.018: sourcing /usr/share/nvim/runtime/plugin/rrhelper.vim
463.573  000.043  000.043: sourcing /usr/share/nvim/runtime/plugin/spellfile.vim
463.851  000.245  000.245: sourcing /usr/share/nvim/runtime/plugin/tarPlugin.vim
464.017  000.128  000.128: sourcing /usr/share/nvim/runtime/plugin/tohtml.vim
464.270  000.218  000.218: sourcing /usr/share/nvim/runtime/plugin/vimballPlugin.vim
464.578  000.262  000.262: sourcing /usr/share/nvim/runtime/plugin/zipPlugin.vim
464.821  000.086  000.086: sourcing /home/mason/.nvim/bundle/neobundle.vim/plugin/neobundle.vim
465.099  000.157  000.157: sourcing /home/mason/.nvim/bundle/ultisnips/after/plugin/UltiSnips_after.vim
465.110  004.511: loading plugins
465.118  000.008: inits 3
465.386  000.268: reading viminfo
465.913  000.527: clearing screen
466.872  000.284  000.284: sourcing /home/mason/.nvim/bundle/vim-airline/autoload/airline/extensions.vim
467.296  000.057  000.057: sourcing /home/mason/.nvim/bundle/vim-airline/autoload/airline/extensions/quickfix.vim
467.700  000.043  000.043: sourcing /home/mason/.nvim/bundle/vim-airline/autoload/airline/extensions/unite.vim
468.186  000.082  000.082: sourcing /home/mason/.nvim/bundle/vim-airline/autoload/airline/extensions/netrw.vim
468.725  000.104  000.104: sourcing /home/mason/.nvim/bundle/vim-airline/autoload/airline/extensions/ctrlp.vim
469.218  000.104  000.104: sourcing /home/mason/.nvim/bundle/vim-airline/autoload/airline/extensions/hunks.vim
469.654  000.083  000.083: sourcing /home/mason/.nvim/bundle/vim-airline/autoload/airline/extensions/tagbar.vim
470.131  000.037  000.037: sourcing /home/mason/.nvim/bundle/vim-airline/autoload/airline/extensions/syntastic.vim
470.622  000.137  000.137: sourcing /home/mason/.nvim/bundle/vim-airline/autoload/airline/extensions/whitespace.vim
471.302  000.143  000.143: sourcing /home/mason/.nvim/bundle/vim-airline/autoload/airline/extensions/tabline.vim
471.759  000.078  000.078: sourcing /home/mason/.nvim/bundle/vim-airline/autoload/airline/extensions/tabline/autoshow.vim
472.292  000.115  000.115: sourcing /home/mason/.nvim/bundle/vim-airline/autoload/airline/extensions/tabline/tabs.vim
472.881  000.208  000.208: sourcing /home/mason/.nvim/bundle/vim-airline/autoload/airline/extensions/tabline/buffers.vim
474.881  000.095  000.095: sourcing /home/mason/.nvim/bundle/vim-airline/autoload/airline/section.vim
475.491  000.184  000.184: sourcing /home/mason/.nvim/bundle/vim-airline/autoload/airline/highlighter.vim
477.991  000.075  000.075: sourcing /home/mason/.nvim/bundle/vim-airline/autoload/airline/themes.vim
478.277  000.572  000.497: sourcing /home/mason/.nvim/bundle/vim-airline/autoload/airline/themes/powerlineish.vim
482.729  000.103  000.103: sourcing /home/mason/.nvim/bundle/vim-airline/autoload/airline/util.vim
483.976  000.134  000.134: sourcing /home/mason/.nvim/bundle/vim-airline/autoload/airline/builder.vim
484.630  000.099  000.099: sourcing /home/mason/.nvim/bundle/vim-airline/autoload/airline/extensions/default.vim
499.252  030.675: opening buffers
499.571  000.191  000.191: sourcing /home/mason/.nvim/bundle/vim-gitgutter/autoload/gitgutter.vim
499.944  000.185  000.185: sourcing /home/mason/.nvim/bundle/vim-gitgutter/autoload/gitgutter/utility.vim
500.290  000.125  000.125: sourcing /home/mason/.nvim/bundle/vim-gitgutter/autoload/gitgutter/hunk.vim
500.686  000.203  000.203: sourcing /home/mason/.nvim/bundle/syntastic/autoload/syntastic/log.vim
501.598  001.642: BufEnter autocommands
501.602  000.004: editing files in windows
507.428  000.038  000.038: sourcing /home/mason/.nvim/bundle/vim-airline/autoload/airline/deprecation.vim
509.645  001.858  001.858: sourcing /home/mason/.nvim/bundle/YouCompleteMe/autoload/youcompleteme.vim
694.611  191.112: VimEnter autocommands
694.621  000.010: before starting main loop
695.478  000.422  000.422: sourcing /home/mason/.nvim/bundle/ultisnips/autoload/UltiSnips.vim
698.100  000.103  000.103: sourcing /home/mason/.nvim/bundle/vim-airline/autoload/airline/extensions/tabline/buflist.vim
698.951  000.126  000.126: sourcing /home/mason/.nvim/bundle/vim-airline/autoload/airline/extensions/tabline/formatters/default.vim
711.115  005.003  005.003: sourcing /home/mason/.nvim/bundle/tagbar/autoload/tagbar.vim
733.661  033.387: first screen update
733.670  000.010: --- NVIM STARTED ---
